11:22:14.373 [main] INFO  testCases.TC_001_LoginPage - ** Starting TC_001_LoginPage **
11:22:14.384 [main] INFO  testCases.TC_001_LoginPage - ** LoginWithInvalidCredentials **
11:22:14.384 [main] INFO  testCases.TC_001_LoginPage - ** Enter valid Username **
11:22:14.572 [main] INFO  testCases.TC_001_LoginPage - ** Enter Invalid Password **
11:22:16.138 [main] INFO  testCases.TC_001_LoginPage - Test Case 4 : Validate logging into the Application using valid email address and invalid Password) --PASS-- 
11:22:16.257 [main] INFO  testCases.TC_001_LoginPage - in setup 
11:22:22.453 [main] INFO  testCases.TC_001_LoginPage - ** Starting TC_001_LoginPage **
11:22:22.454 [main] INFO  testCases.TC_001_LoginPage - ** LoginWithInvalidCredentials **
11:22:22.454 [main] INFO  testCases.TC_001_LoginPage - ** Dont enter email address into the 'E-Mail Address' field  **
11:22:22.625 [main] INFO  testCases.TC_001_LoginPage - ** Dont enter password into the 'Password' field    **
11:22:27.869 [main] INFO  testCases.TC_001_LoginPage - Test Case 5 : Validate logging into the Application without providing any credentials --PASS-- 
11:38:45.516 [main] INFO  testCases.TC_007_ReservationGridPagewithreservation - in setup 
11:39:42.565 [main] INFO  testCases.TC_007_ReservationGridPagewithreservation - in setup 
11:40:43.131 [main] INFO  testCases.TC_007_ReservationGridPagewithreservation - in setup 
11:54:21.979 [main] INFO  testCases.TC_007_ReservationGridPagewithreservation - in setup 
12:44:20.462 [main] INFO  testCases.TC_007_ReservationGridPagewithreservation - in setup 
12:46:27.386 [main] INFO  testCases.TC_007_ReservationGridPagewithreservation - in setup 
12:47:25.345 [main] INFO  testCases.TC_007_ReservationGridPagewithreservation - in setup 
12:48:27.794 [main] INFO  testCases.TC_007_ReservationGridPagewithreservation - in setup 
12:49:19.412 [main] INFO  testCases.TC_007_ReservationGridPagewithreservation - in setup 
13:00:42.769 [main] INFO  testCases.TC_007_ReservationGridPagewithreservation - in setup 
13:03:58.705 [main] INFO  testCases.TC_010_reservationGridHoldPage - in setup 
13:05:08.096 [main] INFO  testCases.TC_007_ReservationGridPagewithreservation - in setup 
13:06:03.556 [main] INFO  testCases.TC_007_ReservationGridPagewithreservation - in setup 
13:07:31.601 [main] INFO  testCases.TC_007_ReservationGridPagewithreservation - in setup 
13:11:41.618 [main] INFO  testCases.TC_007_ReservationGridPagewithreservation - in setup 
13:12:36.849 [main] INFO  testCases.TC_007_ReservationGridPagewithreservation - in setup 
13:13:56.755 [main] INFO  testCases.TC_007_ReservationGridPagewithreservation - in setup 
13:16:18.630 [main] INFO  testCases.TC_007_ReservationGridPagewithreservation - in setup 
13:17:14.432 [main] INFO  testCases.TC_007_ReservationGridPagewithreservation - in setup 
13:18:30.863 [main] INFO  testCases.TC_007_ReservationGridPagewithreservation - in setup 
13:19:45.686 [main] INFO  testCases.TC_007_ReservationGridPagewithreservation - in setup 
13:22:55.565 [main] INFO  testCases.TC_007_ReservationGridPagewithreservation - in setup 
13:26:19.428 [main] INFO  testCases.TC_007_ReservationGridPagewithreservation - in setup 
13:31:22.326 [main] INFO  testCases.TC_007_ReservationGridPagewithreservation - in setup 
13:35:01.006 [main] INFO  testCases.TC_007_ReservationGridPagewithreservation - in setup 
13:37:34.180 [main] INFO  testCases.TC_007_ReservationGridPagewithreservation - in setup 
13:44:04.213 [main] INFO  testCases.TC_007_ReservationGridPagewithreservation - in setup 
13:47:38.373 [main] INFO  testCases.TC_007_ReservationGridPagewithreservation - in setup 
13:57:39.574 [main] INFO  testCases.TC_007_ReservationGridPagewithreservation - in setup 
13:59:43.277 [main] INFO  testCases.TC_007_ReservationGridPagewithreservation - in setup 
14:00:56.587 [main] INFO  testCases.TC_007_ReservationGridPagewithreservation - in setup 
14:02:25.055 [main] INFO  testCases.TC_007_ReservationGridPagewithreservation - in setup 
14:03:43.944 [main] INFO  testCases.TC_007_ReservationGridPagewithreservation - in setup 
14:07:01.348 [main] INFO  testCases.TC_007_ReservationGridPagewithreservation - in setup 
14:08:36.943 [main] INFO  testCases.TC_007_ReservationGridPagewithreservation - in setup 
14:10:23.934 [main] INFO  testCases.TC_007_ReservationGridPagewithreservation - in setup 
14:19:53.073 [main] INFO  testCases.TC_007_ReservationGridPagewithreservation - in setup 
14:34:58.654 [main] INFO  testCases.TC_007_ReservationGridPagewithreservation - in setup 
14:44:27.749 [main] INFO  testCases.TC_007_ReservationGridPagewithreservation - in setup 
15:14:09.681 [main] INFO  testCases.TC_007_ReservationGridPagewithreservation - in setup 
11:33:23.313 [main] INFO  testCases.TC_007_ReservationGridPagewithreservation - in setup 
11:45:45.037 [main] INFO  testCases.TC_007_ReservationGridPagewithreservation - in setup 
12:01:39.859 [main] INFO  testCases.TC_007_ReservationGridPagewithreservation - in setup 
12:02:33.880 [main] INFO  testCases.TC_007_ReservationGridPagewithreservation - in setup 
12:03:33.746 [main] INFO  testCases.TC_007_ReservationGridPagewithreservation - in setup 
12:04:29.461 [main] INFO  testCases.TC_007_ReservationGridPagewithreservation - in setup 
12:06:04.712 [main] INFO  testCases.TC_007_ReservationGridPagewithreservation - in setup 
12:07:13.185 [main] INFO  testCases.TC_007_ReservationGridPagewithreservation - in setup 
12:08:24.706 [main] INFO  testCases.TC_007_ReservationGridPagewithreservation - in setup 
12:09:49.584 [main] INFO  testCases.TC_007_ReservationGridPagewithreservation - in setup 
12:11:04.282 [main] INFO  testCases.TC_007_ReservationGridPagewithreservation - in setup 
12:13:01.555 [main] INFO  testCases.TC_007_ReservationGridPagewithreservation - in setup 
12:14:51.551 [main] INFO  testCases.TC_007_ReservationGridPagewithreservation - in setup 
12:16:13.788 [main] INFO  testCases.TC_007_ReservationGridPagewithreservation - in setup 
12:17:24.829 [main] INFO  testCases.TC_007_ReservationGridPagewithreservation - in setup 
12:18:16.138 [main] INFO  testCases.TC_007_ReservationGridPagewithreservation - in setup 
12:19:06.458 [main] INFO  testCases.TC_007_ReservationGridPagewithreservation - in setup 
12:20:14.161 [main] INFO  testCases.TC_007_ReservationGridPagewithreservation - in setup 
12:26:42.061 [main] INFO  testCases.TC_007_ReservationGridPagewithreservation - in setup 
12:27:48.104 [main] INFO  testCases.TC_007_ReservationGridPagewithreservation - in setup 
12:35:48.701 [main] INFO  testCases.TC_007_ReservationGridPagewithreservation - in setup 
12:39:18.884 [main] INFO  testCases.TC_007_ReservationGridPagewithreservation - in setup 
12:40:03.621 [main] INFO  testCases.TC_007_ReservationGridPagewithreservation - in setup 
12:44:44.605 [main] INFO  testCases.TC_007_ReservationGridPagewithreservation - in setup 
12:46:01.445 [main] INFO  testCases.TC_007_ReservationGridPagewithreservation - in setup 
12:47:29.689 [main] INFO  testCases.TC_007_ReservationGridPagewithreservation - in setup 
12:48:23.751 [main] INFO  testCases.TC_007_ReservationGridPagewithreservation - in setup 
12:49:27.293 [main] INFO  testCases.TC_007_ReservationGridPagewithreservation - in setup 
12:51:52.038 [main] INFO  testCases.TC_007_ReservationGridPagewithreservation - in setup 
12:55:42.590 [main] INFO  testCases.TC_007_ReservationGridPagewithreservation - in setup 
13:03:31.992 [main] INFO  testCases.TC_007_ReservationGridPagewithreservation - in setup 
13:07:07.998 [main] INFO  testCases.TC_007_ReservationGridPagewithreservation - in setup 
13:24:38.120 [main] INFO  testCases.TC_007_ReservationGridPagewithreservation - in setup 
13:28:08.197 [main] INFO  testCases.TC_007_ReservationGridPagewithreservation - in setup 
13:39:07.571 [main] INFO  testCases.TC_007_ReservationGridPagewithreservation - in setup 
13:41:17.290 [main] INFO  testCases.TC_007_ReservationGridPagewithreservation - in setup 
14:29:17.631 [main] INFO  testCases.TC_007_ReservationGridPagewithreservation - in setup 
14:35:48.745 [main] INFO  testCases.TC_007_ReservationGridPagewithreservation - in setup 
14:37:22.134 [main] INFO  testCases.TC_007_ReservationGridPagewithreservation - in setup 
15:10:50.344 [main] INFO  testCases.TC_007_ReservationGridPagewithreservation - in setup 
15:33:22.532 [main] INFO  testCases.TC_007_ReservationGridPagewithreservation - in setup 
15:39:52.936 [main] INFO  testCases.TC_007_ReservationGridPagewithreservation - in setup 
15:41:18.487 [main] INFO  testCases.TC_007_ReservationGridPagewithreservation - in setup 
15:42:21.216 [main] INFO  testCases.TC_007_ReservationGridPagewithreservation - in setup 
15:45:06.971 [main] INFO  testCases.TC_007_ReservationGridPagewithreservation - in setup 
15:45:46.764 [main] INFO  testCases.TC_007_ReservationGridPagewithreservation - in setup 
15:55:15.783 [main] INFO  testCases.TC_007_ReservationGridPagewithreservation - in setup 
15:57:27.160 [main] INFO  testCases.TC_007_ReservationGridPagewithreservation - in setup 
16:27:36.959 [main] INFO  testCases.TC_007_ReservationGridPagewithreservation - in setup 
16:29:10.046 [main] INFO  testCases.TC_007_ReservationGridPagewithreservation - in setup 
16:41:47.657 [main] INFO  testCases.TC_007_ReservationGridPagewithreservation - in setup 
16:42:44.293 [main] INFO  testCases.TC_007_ReservationGridPagewithreservation - in setup 
16:43:39.264 [main] INFO  testCases.TC_007_ReservationGridPagewithreservation - in setup 
16:44:43.955 [main] INFO  testCases.TC_007_ReservationGridPagewithreservation - in setup 
16:51:05.075 [main] INFO  testCases.TC_007_ReservationGridPagewithreservation - in setup 
16:54:07.875 [main] INFO  testCases.TC_007_ReservationGridPagewithreservation - in setup 
16:56:08.086 [main] INFO  testCases.TC_007_ReservationGridPagewithreservation - in setup 
17:03:18.741 [main] INFO  testCases.TC_007_ReservationGridPagewithreservation - in setup 
17:05:02.245 [main] INFO  testCases.TC_007_ReservationGridPagewithreservation - in setup 
17:05:44.095 [main] INFO  testCases.TC_007_ReservationGridPagewithreservation - in setup 
17:07:15.189 [main] INFO  testCases.TC_007_ReservationGridPagewithreservation - in setup 
17:08:29.954 [main] INFO  testCases.TC_007_ReservationGridPagewithreservation - in setup 
17:15:54.096 [main] INFO  testCases.TC_007_ReservationGridPagewithreservation - in setup 
13:59:26.130 [main] INFO  testCases.TC_007_ReservationGridPagewithreservation - in setup 
14:00:08.384 [main] INFO  testCases.TC_007_ReservationGridPagewithreservation - in setup 
14:01:31.939 [main] INFO  testCases.TC_007_ReservationGridPagewithreservation - in setup 
14:03:17.060 [main] INFO  testCases.TC_007_ReservationGridPagewithreservation - in setup 
14:06:28.000 [main] INFO  testCases.TC_007_ReservationGridPagewithreservation - in setup 
14:07:42.042 [main] INFO  testCases.TC_007_ReservationGridPagewithreservation - in setup 
14:17:00.105 [main] INFO  testCases.TC_007_ReservationGridPagewithreservation - in setup 
14:21:25.368 [main] INFO  testCases.TC_007_ReservationGridPagewithreservation - in setup 
14:24:12.499 [main] INFO  testCases.TC_007_ReservationGridPagewithreservation - in setup 
14:25:33.105 [main] INFO  testCases.TC_007_ReservationGridPagewithreservation - in setup 
14:28:17.281 [main] INFO  testCases.TC_007_ReservationGridPagewithreservation - in setup 
14:38:38.237 [main] INFO  testCases.TC_007_ReservationGridPagewithreservation - in setup 
15:11:00.373 [main] INFO  testCases.TC_007_ReservationGridPagewithreservation - in setup 
15:12:32.472 [main] INFO  testCases.TC_007_ReservationGridPagewithreservation - in setup 
10:29:15.857 [main] INFO  testCases.TC_007_ReservationGridPagewithreservation - in setup 
10:36:22.271 [main] INFO  testCases.TC_007_ReservationGridPagewithreservation - in setup 
10:38:18.152 [main] INFO  testCases.TC_007_ReservationGridPagewithreservation - in setup 
10:42:37.873 [main] INFO  testCases.TC_007_ReservationGridPagewithreservation - in setup 
11:04:25.136 [main] INFO  testCases.TC_007_ReservationGridPagewithreservation - in setup 
11:07:01.438 [main] INFO  testCases.TC_007_ReservationGridPagewithreservation - in setup 
11:35:31.366 [main] INFO  testCases.Disptch - in setup 
11:36:12.740 [main] INFO  testCases.Disptch - in setup 
11:36:43.402 [main] INFO  testCases.Disptch - in setup 
11:37:09.797 [main] INFO  testCases.Disptch - in setup 
11:37:36.844 [main] INFO  testCases.Disptch - in setup 
11:38:33.927 [main] INFO  testCases.Disptch - in setup 
11:39:09.005 [main] INFO  testCases.Disptch - in setup 
11:39:38.628 [main] INFO  testCases.Disptch - in setup 
11:41:15.956 [main] INFO  testCases.Disptch - in setup 
11:46:46.015 [main] INFO  testCases.Disptch - in setup 
11:47:39.310 [main] INFO  testCases.Disptch - in setup 
12:21:27.947 [main] INFO  testCases.Disptch - in setup 
12:22:20.744 [main] INFO  testCases.Disptch - in setup 
12:23:44.283 [main] INFO  testCases.Disptch - in setup 
12:27:16.775 [main] INFO  testCases.Disptch - in setup 
12:28:16.760 [main] INFO  testCases.Disptch - in setup 
12:33:13.426 [main] INFO  testCases.Disptch - in setup 
12:34:27.510 [main] INFO  testCases.Disptch - in setup 
12:36:02.011 [main] INFO  testCases.Disptch - in setup 
12:36:42.205 [main] INFO  testCases.Disptch - in setup 
12:53:13.722 [main] INFO  testCases.TC_007_ReservationGridPagewithreservation - in setup 
13:33:49.512 [main] INFO  testCases.TC_007_ReservationGridPagewithreservation - in setup 
13:37:02.252 [main] INFO  testCases.TC_007_ReservationGridPagewithreservation - in setup 
13:39:08.002 [main] INFO  testCases.TC_007_ReservationGridPagewithreservation - in setup 
13:48:58.336 [main] INFO  testCases.TC_007_ReservationGridPagewithreservation - in setup 
13:50:49.547 [main] INFO  testCases.TC_007_ReservationGridPagewithreservation - in setup 
13:51:56.663 [main] INFO  testCases.TC_007_ReservationGridPagewithreservation - in setup 
13:54:23.190 [main] INFO  testCases.TC_007_ReservationGridPagewithreservation - in setup 
13:55:04.612 [main] INFO  testCases.TC_007_ReservationGridPagewithreservation - in setup 
13:57:02.825 [main] INFO  testCases.TC_007_ReservationGridPagewithreservation - in setup 
13:59:25.872 [main] INFO  testCases.TC_007_ReservationGridPagewithreservation - in setup 
14:02:26.774 [main] INFO  testCases.TC_007_ReservationGridPagewithreservation - in setup 
14:04:57.481 [main] INFO  testCases.TC_007_ReservationGridPagewithreservation - in setup 
14:06:37.179 [main] INFO  testCases.TC_007_ReservationGridPagewithreservation - in setup 
14:08:03.684 [main] INFO  testCases.TC_007_ReservationGridPagewithreservation - in setup 
14:10:22.902 [main] INFO  testCases.TC_007_ReservationGridPagewithreservation - in setup 
14:37:34.213 [main] INFO  testCases.TC_007_ReservationGridPagewithreservation - in setup 
14:42:30.218 [main] INFO  testCases.TC_007_ReservationGridPagewithreservation - in setup 
14:50:00.158 [main] INFO  testCases.TC_007_ReservationGridPagewithreservation - in setup 
14:57:20.218 [main] INFO  testCases.TC_007_ReservationGridPagewithreservation - in setup 
15:01:45.551 [main] INFO  testCases.TC_007_ReservationGridPagewithreservation - in setup 
15:04:50.321 [main] INFO  testCases.TC_007_ReservationGridPagewithreservation - in setup 
15:10:16.748 [main] INFO  testCases.TC_007_ReservationGridPagewithreservation - in setup 
16:03:31.789 [main] INFO  testCases.TC_007_ReservationGridPagewithreservation - in setup 
16:05:00.317 [main] INFO  testCases.TC_007_ReservationGridPagewithreservation - in setup 
16:18:26.604 [main] INFO  testCases.TC_007_ReservationGridPagewithreservation - in setup 
16:21:18.861 [main] INFO  testCases.TC_007_ReservationGridPagewithreservation - in setup 
16:24:23.281 [main] INFO  testCases.TC_007_ReservationGridPagewithreservation - in setup 
16:27:14.668 [main] INFO  testCases.TC_007_ReservationGridPagewithreservation - in setup 
16:32:40.467 [main] INFO  testCases.TC_007_ReservationGridPagewithreservation - in setup 
16:38:53.457 [main] INFO  testCases.TC_007_ReservationGridPagewithreservation - in setup 
16:43:38.180 [main] INFO  testCases.TC_007_ReservationGridPagewithreservation - in setup 
16:44:42.952 [main] INFO  testCases.TC_007_ReservationGridPagewithreservation - in setup 
16:49:17.454 [main] INFO  testCases.TC_007_ReservationGridPagewithreservation - in setup 
16:51:53.060 [main] INFO  testCases.TC_007_ReservationGridPagewithreservation - in setup 
10:38:22.889 [main] INFO  testCases_ReservationDispatchFollow.TC_011_reservationtoInspectionTestCase - in setup 
12:06:13.979 [main] INFO  testCases_ReservationDispatchFollow.TC_012_reservationHousekeepingTestCase - in setup 
13:10:13.672 [main] INFO  testCases_ReservationDispatchFollow.TC_012_reservationHousekeepingTestCase - in setup 
13:15:52.520 [main] INFO  testCases_ReservationDispatchFollow.TC_012_reservationHousekeepingTestCase - in setup 
13:24:04.927 [main] INFO  testCases_ReservationDispatchFollow.TC_012_reservationHousekeepingTestCase - in setup 
13:26:22.827 [main] INFO  testCases_ReservationDispatchFollow.TC_012_reservationHousekeepingTestCase - in setup 
13:32:55.496 [main] INFO  testCases_ReservationDispatchFollow.TC_012_reservationHousekeepingTestCase - in setup 
13:35:08.364 [main] INFO  testCases_ReservationDispatchFollow.TC_012_reservationHousekeepingTestCase - in setup 
13:38:13.221 [main] INFO  testCases_ReservationDispatchFollow.TC_012_reservationHousekeepingTestCase - in setup 
13:39:59.195 [main] INFO  testCases_ReservationDispatchFollow.TC_012_reservationHousekeepingTestCase - in setup 
13:42:07.370 [main] INFO  testCases_ReservationDispatchFollow.TC_012_reservationHousekeepingTestCase - in setup 
13:43:53.760 [main] INFO  testCases_ReservationDispatchFollow.TC_012_reservationHousekeepingTestCase - in setup 
13:50:26.249 [main] INFO  testCases_ReservationDispatchFollow.TC_012_reservationHousekeepingTestCase - in setup 
13:54:02.957 [main] INFO  testCases_ReservationDispatchFollow.TC_012_reservationHousekeepingTestCase - in setup 
14:02:15.288 [main] INFO  testCases_ReservationDispatchFollow.TC_012_reservationHousekeepingTestCase - in setup 
14:04:21.502 [main] INFO  testCases_ReservationDispatchFollow.TC_012_reservationHousekeepingTestCase - in setup 
14:06:09.490 [main] INFO  testCases_ReservationDispatchFollow.TC_012_reservationHousekeepingTestCase - in setup 
14:17:19.696 [main] INFO  testCases_ReservationDispatchFollow.TC_012_reservationHousekeepingTestCase - in setup 
14:21:10.928 [main] INFO  testCases_ReservationDispatchFollow.TC_012_reservationHousekeepingTestCase - in setup 
14:45:07.847 [main] INFO  testCases_ReservationDispatchFollow.TC_011_reservationtoInspectionTestCase - in setup 
14:49:45.696 [main] INFO  testCases_ReservationDispatchFollow.TC_011_reservationtoInspectionTestCase - in setup 
14:50:46.098 [main] INFO  testCases_ReservationDispatchFollow.TC_011_reservationtoInspectionTestCase - in setup 
14:54:27.277 [main] INFO  testCases_ReservationDispatchFollow.TC_011_reservationtoInspectionTestCase - in setup 
14:55:47.984 [main] INFO  testCases_ReservationDispatchFollow.TC_011_reservationtoInspectionTestCase - in setup 
14:58:33.423 [main] INFO  testCases_ReservationDispatchFollow.TC_011_reservationtoInspectionTestCase - in setup 
15:54:01.869 [main] INFO  testCases_ReservationDispatchFollow.TC_011_reservationtoInspectionTestCase - in setup 
16:04:41.055 [main] INFO  testCases_ReservationDispatchFollow.TC_011_reservationtoInspectionTestCase - in setup 
16:07:36.500 [main] INFO  testCases_ReservationDispatchFollow.TC_011_reservationtoInspectionTestCase - in setup 
16:10:50.897 [main] INFO  testCases_ReservationDispatchFollow.TC_011_reservationtoInspectionTestCase - in setup 
16:16:39.154 [main] INFO  testCases_ReservationDispatchFollow.TC_011_reservationtoInspectionTestCase - in setup 
16:19:37.054 [main] INFO  testCases_ReservationDispatchFollow.TC_011_reservationtoInspectionTestCase - in setup 
16:21:57.586 [main] INFO  testCases_ReservationDispatchFollow.TC_011_reservationtoInspectionTestCase - in setup 
16:24:40.489 [main] INFO  testCases_ReservationDispatchFollow.TC_011_reservationtoInspectionTestCase - in setup 
16:31:48.129 [main] INFO  testCases_ReservationDispatchFollow.TC_011_reservationtoInspectionTestCase - in setup 
16:39:37.543 [main] INFO  testCases_ReservationDispatchFollow.TC_011_reservationtoInspectionTestCase - in setup 
16:42:49.800 [main] INFO  testCases_ReservationDispatchFollow.TC_011_reservationtoInspectionTestCase - in setup 
16:46:33.790 [main] INFO  testCases_ReservationDispatchFollow.TC_011_reservationtoInspectionTestCase - in setup 
11:32:35.559 [main] INFO  testCases_ReservationDispatchFollow.TC_013_reservationArrivalsTestCase - in setup 
11:47:12.659 [main] INFO  testCases_ReservationDispatchFollow.TC_013_reservationArrivalsTestCase - in setup 
11:53:52.667 [main] INFO  testCases_ReservationDispatchFollow.TC_013_reservationArrivalsTestCase - in setup 
11:58:07.133 [main] INFO  testCases_ReservationDispatchFollow.TC_013_reservationArrivalsTestCase - in setup 
12:01:53.299 [main] INFO  testCases_ReservationDispatchFollow.TC_013_reservationArrivalsTestCase - in setup 
12:03:06.100 [main] INFO  testCases_ReservationDispatchFollow.TC_013_reservationArrivalsTestCase - in setup 
12:03:49.880 [main] INFO  testCases_ReservationDispatchFollow.TC_013_reservationArrivalsTestCase - in setup 
12:04:52.752 [main] INFO  testCases_ReservationDispatchFollow.TC_013_reservationArrivalsTestCase - in setup 
12:28:33.924 [main] INFO  testCases_ReservationDispatchFollow.TC_013_reservationArrivalsTestCase - in setup 
12:31:44.420 [main] INFO  testCases_ReservationDispatchFollow.TC_013_reservationArrivalsTestCase - in setup 
12:34:22.824 [main] INFO  testCases_ReservationDispatchFollow.TC_013_reservationArrivalsTestCase - in setup 
13:07:00.831 [main] INFO  testCases_ReservationDispatchFollow.TC_013_reservationArrivalsTestCase - in setup 
13:10:45.309 [main] INFO  testCases_ReservationDispatchFollow.TC_013_reservationArrivalsTestCase - in setup 
13:12:36.914 [main] INFO  testCases_ReservationDispatchFollow.TC_013_reservationArrivalsTestCase - in setup 
13:13:50.539 [main] INFO  testCases_ReservationDispatchFollow.TC_013_reservationArrivalsTestCase - in setup 
13:15:32.079 [main] INFO  testCases_ReservationDispatchFollow.TC_013_reservationArrivalsTestCase - in setup 
13:33:39.599 [main] INFO  testCases_ReservationDispatchFollow.TC_013_reservationArrivalsTestCase - in setup 
13:34:47.019 [main] INFO  testCases_ReservationDispatchFollow.TC_013_reservationArrivalsTestCase - in setup 
13:37:07.107 [main] INFO  testCases_ReservationDispatchFollow.TC_013_reservationArrivalsTestCase - in setup 
13:41:38.868 [main] INFO  testCases_ReservationDispatchFollow.TC_013_reservationArrivalsTestCase - in setup 
13:43:40.175 [main] INFO  testCases_ReservationDispatchFollow.TC_013_reservationArrivalsTestCase - in setup 
13:44:47.076 [main] INFO  testCases_ReservationDispatchFollow.TC_013_reservationArrivalsTestCase - in setup 
13:46:29.048 [main] INFO  testCases_ReservationDispatchFollow.TC_013_reservationArrivalsTestCase - in setup 
13:48:00.057 [main] INFO  testCases_ReservationDispatchFollow.TC_013_reservationArrivalsTestCase - in setup 
13:49:00.136 [main] INFO  testCases_ReservationDispatchFollow.TC_013_reservationArrivalsTestCase - in setup 
13:50:36.657 [main] INFO  testCases_ReservationDispatchFollow.TC_013_reservationArrivalsTestCase - in setup 
13:51:35.415 [main] INFO  testCases_ReservationDispatchFollow.TC_013_reservationArrivalsTestCase - in setup 
13:54:50.040 [main] INFO  testCases_ReservationDispatchFollow.TC_013_reservationArrivalsTestCase - in setup 
14:00:39.807 [main] INFO  testCases_ReservationDispatchFollow.TC_013_reservationArrivalsTestCase - in setup 
14:21:38.918 [main] INFO  testCases_ReservationDispatchFollow.TC_013_reservationArrivalsTestCase - in setup 
14:22:27.318 [main] INFO  testCases_ReservationDispatchFollow.TC_013_reservationArrivalsTestCase - in setup 
14:23:40.587 [main] INFO  testCases_ReservationDispatchFollow.TC_013_reservationArrivalsTestCase - in setup 
14:24:45.728 [main] INFO  testCases_ReservationDispatchFollow.TC_013_reservationArrivalsTestCase - in setup 
14:26:04.582 [main] INFO  testCases_ReservationDispatchFollow.TC_013_reservationArrivalsTestCase - in setup 
14:27:52.385 [main] INFO  testCases_ReservationDispatchFollow.TC_013_reservationArrivalsTestCase - in setup 
14:30:03.084 [main] INFO  testCases_ReservationDispatchFollow.TC_013_reservationArrivalsTestCase - in setup 
14:31:31.326 [main] INFO  testCases_ReservationDispatchFollow.TC_013_reservationArrivalsTestCase - in setup 
14:34:25.965 [main] INFO  testCases_ReservationDispatchFollow.TC_013_reservationArrivalsTestCase - in setup 
14:36:32.748 [main] INFO  testCases_ReservationDispatchFollow.TC_013_reservationArrivalsTestCase - in setup 
14:38:24.883 [main] INFO  testCases_ReservationDispatchFollow.TC_013_reservationArrivalsTestCase - in setup 
14:44:47.752 [main] INFO  testCases_ReservationDispatchFollow.TC_013_reservationArrivalsTestCase - in setup 
14:46:50.257 [main] INFO  testCases_ReservationDispatchFollow.TC_013_reservationArrivalsTestCase - in setup 
16:31:50.125 [main] INFO  testCases_ReservationDispatchFollow.TC_013_reservationArrivalsTestCase - in setup 
16:32:47.022 [main] INFO  testCases_ReservationDispatchFollow.TC_013_reservationArrivalsTestCase - in setup 
16:54:41.464 [main] INFO  testCases_ReservationDispatchFollow.TC_013_reservationArrivalsTestCase - in setup 
16:56:32.951 [main] INFO  testCases_ReservationDispatchFollow.TC_013_reservationArrivalsTestCase - in setup 
17:04:56.517 [main] INFO  testCases_ReservationDispatchFollow.TC_013_reservationArrivalsTestCase - in setup 
17:10:24.908 [main] INFO  testCases_ReservationDispatchFollow.TC_013_reservationArrivalsTestCase - in setup 
17:12:07.187 [main] INFO  testCases_ReservationDispatchFollow.TC_013_reservationArrivalsTestCase - in setup 
17:13:01.680 [main] INFO  testCases_ReservationDispatchFollow.TC_013_reservationArrivalsTestCase - in setup 
17:52:43.556 [main] INFO  testCases_ReservationDispatchFollow.TC_014_reservationReadyTestCase - in setup 
15:37:04.404 [main] INFO  testCases_ReservationDispatchFollow.TC_014_reservationReadyTestCase - in setup 
15:41:24.461 [main] INFO  testCases_ReservationDispatchFollow.TC_014_reservationReadyTestCase - in setup 
15:45:14.551 [main] INFO  testCases_ReservationDispatchFollow.TC_014_reservationReadyTestCase - in setup 
15:46:10.742 [main] INFO  testCases_ReservationDispatchFollow.TC_014_reservationReadyTestCase - in setup 
15:47:34.114 [main] INFO  testCases_ReservationDispatchFollow.TC_014_reservationReadyTestCase - in setup 
15:59:42.280 [main] INFO  testCases_ReservationDispatchFollow.TC_014_reservationReadyTestCase - in setup 
16:03:21.234 [main] INFO  testCases_ReservationDispatchFollow.TC_014_reservationReadyTestCase - in setup 
13:19:03.561 [main] INFO  testCases_ArrivalDeparture.TC_015_arrivalDepartureTestCase - in setup 
13:19:55.583 [main] INFO  testCases_ArrivalDeparture.TC_015_arrivalDepartureTestCase - in setup 
13:20:45.352 [main] INFO  testCases_ArrivalDeparture.TC_015_arrivalDepartureTestCase - in setup 
13:21:30.790 [main] INFO  testCases_ReservationDispatchFollow.TC_011_reservationtoInspectionTestCase - in setup 
13:24:49.046 [main] INFO  testCases_ArrivalDeparture.TC_015_arrivalDepartureTestCase - in setup 
13:26:48.988 [main] INFO  testCases_ArrivalDeparture.TC_015_arrivalDepartureTestCase - in setup 
14:49:57.100 [main] INFO  testCases_ArrivalDeparture.TC_015_arrivalDepartureTestCase - in setup 
14:55:24.307 [main] INFO  testCases_ArrivalDeparture.TC_015_arrivalDepartureTestCase - in setup 
14:58:41.694 [main] INFO  testCases_ArrivalDeparture.TC_015_arrivalDepartureTestCase - in setup 
15:03:04.436 [main] INFO  testCases_ArrivalDeparture.TC_015_arrivalDepartureTestCase - in setup 
15:04:19.601 [main] INFO  testCases_ArrivalDeparture.TC_015_arrivalDepartureTestCase - in setup 
15:30:25.184 [main] INFO  testCases_ArrivalDeparture.TC_015_arrivalDepartureTestCase - in setup 
15:31:47.135 [main] INFO  testCases_ArrivalDeparture.TC_015_arrivalDepartureTestCase - in setup 
16:28:59.236 [main] INFO  testCases_ArrivalDeparture.TC_015_arrivalDepartureTestCase - in setup 
16:30:14.282 [main] INFO  testCases_ArrivalDeparture.TC_015_arrivalDepartureTestCase - in setup 
17:19:20.549 [main] INFO  testCases_ArrivalDeparture.TC_015_arrivalDepartureTestCase - in setup 
17:19:32.544 [main] INFO  testCases_ArrivalDeparture.TC_015_arrivalDepartureTestCase - in setup 
17:25:02.700 [main] INFO  testCases_ArrivalDeparture.TC_015_arrivalDepartureTestCase - in setup 
17:29:28.985 [main] INFO  testCases_ArrivalDeparture.TC_015_arrivalDepartureTestCase - in setup 
17:30:43.697 [main] INFO  testCases_ArrivalDeparture.TC_015_arrivalDepartureTestCase - in setup 
17:32:31.285 [main] INFO  testCases_ArrivalDeparture.TC_015_arrivalDepartureTestCase - in setup 
17:35:54.168 [main] INFO  testCases_ArrivalDeparture.TC_015_arrivalDepartureTestCase - in setup 
17:38:09.226 [main] INFO  testCases_ArrivalDeparture.TC_015_arrivalDepartureTestCase - in setup 
17:39:15.113 [main] INFO  testCases_ArrivalDeparture.TC_015_arrivalDepartureTestCase - in setup 
17:41:39.079 [main] INFO  testCases_ArrivalDeparture.TC_015_arrivalDepartureTestCase - in setup 
17:52:49.532 [main] INFO  testCases_ArrivalDeparture.TC_015_arrivalDepartureTestCase - in setup 
17:54:55.556 [main] INFO  testCases_ArrivalDeparture.TC_015_arrivalDepartureTestCase - in setup 
18:14:06.787 [main] INFO  testCases_ArrivalDeparture.TC_015_arrivalDepartureTestCase - in setup 
18:15:16.441 [main] INFO  testCases_ArrivalDeparture.TC_015_arrivalDepartureTestCase - in setup 
20:06:13.776 [main] INFO  testCases_ArrivalDeparture.TC_015_arrivalDepartureTestCase - in setup 
20:10:49.254 [main] INFO  testCases_ArrivalDeparture.TC_015_arrivalDepartureTestCase - in setup 
20:18:21.167 [main] INFO  testCases_ArrivalDeparture.TC_015_arrivalDepartureTestCase - in setup 
20:31:36.000 [main] INFO  testCases_ArrivalDeparture.TC_015_arrivalDepartureTestCase - in setup 
20:34:48.053 [main] INFO  testCases_ArrivalDeparture.TC_015_arrivalDepartureTestCase - in setup 
20:36:01.540 [main] INFO  testCases_ArrivalDeparture.TC_015_arrivalDepartureTestCase - in setup 
20:37:22.805 [main] INFO  testCases_ArrivalDeparture.TC_015_arrivalDepartureTestCase - in setup 
20:39:05.901 [main] INFO  testCases_ArrivalDeparture.TC_015_arrivalDepartureTestCase - in setup 
20:40:41.870 [main] INFO  testCases_ArrivalDeparture.TC_015_arrivalDepartureTestCase - in setup 
20:43:22.021 [main] INFO  testCases_ArrivalDeparture.TC_015_arrivalDepartureTestCase - in setup 
20:46:47.829 [main] INFO  testCases_ArrivalDeparture.TC_015_arrivalDepartureTestCase - in setup 
20:48:45.638 [main] INFO  testCases_ArrivalDeparture.TC_015_arrivalDepartureTestCase - in setup 
20:51:28.266 [main] INFO  testCases_ArrivalDeparture.TC_015_arrivalDepartureTestCase - in setup 
20:54:09.167 [main] INFO  testCases_ArrivalDeparture.TC_015_arrivalDepartureTestCase - in setup 
20:56:19.830 [main] INFO  testCases_ArrivalDeparture.TC_015_arrivalDepartureTestCase - in setup 
11:28:12.269 [main] INFO  testCases_ArrivalDeparture.TC_015_arrivalDepartureTestCase - in setup 
11:38:33.892 [main] INFO  testCases_ArrivalDeparture.TC_015_arrivalDepartureTestCase - in setup 
11:43:45.701 [main] INFO  testCases_ArrivalDeparture.TC_015_arrivalDepartureTestCase - in setup 
11:46:21.011 [main] INFO  testCases_ArrivalDeparture.TC_015_arrivalDepartureTestCase - in setup 
11:54:28.012 [main] INFO  testCases_ArrivalDeparture.TC_015_arrivalDepartureTestCase - in setup 
11:57:28.247 [main] INFO  testCases_ArrivalDeparture.TC_015_arrivalDepartureTestCase - in setup 
12:39:19.720 [main] INFO  testCases_ArrivalDeparture.TC_015_arrivalDepartureTestCase - in setup 
12:43:16.916 [main] INFO  testCases_ArrivalDeparture.TC_015_arrivalDepartureTestCase - in setup 
12:48:31.377 [main] INFO  testCases_ArrivalDeparture.TC_015_arrivalDepartureTestCase - in setup 
12:50:41.288 [main] INFO  testCases_ArrivalDeparture.TC_015_arrivalDepartureTestCase - in setup 
15:35:01.261 [main] INFO  testCases_ArrivalDeparture.TC_016_DDTestArrivalDeparture - in setup 
15:36:01.107 [main] INFO  testCases_ArrivalDeparture.TC_016_DDTestArrivalDeparture - in setup 
15:38:34.893 [main] INFO  testCases_ArrivalDeparture.TC_016_DDTestArrivalDeparture - in setup 
15:40:23.752 [main] INFO  testCases_ArrivalDeparture.TC_016_DDTestArrivalDeparture - in setup 
15:45:18.898 [main] INFO  testCases_ArrivalDeparture.TC_016_DDTestArrivalDeparture - in setup 
15:57:52.352 [main] INFO  testCases_ArrivalDeparture.TC_016_DDTestArrivalDeparture - in setup 
16:00:39.330 [main] INFO  testCases_ArrivalDeparture.TC_016_DDTestArrivalDeparture - in setup 
16:02:30.598 [main] INFO  testCases_ArrivalDeparture.TC_016_DDTestArrivalDeparture - in setup 
16:03:23.923 [main] INFO  testCases_ArrivalDeparture.TC_016_DDTestArrivalDeparture - in setup 
16:06:06.495 [main] INFO  testCases_ArrivalDeparture.TC_016_DDTestArrivalDeparture - in setup 
16:07:42.112 [main] INFO  testCases_ArrivalDeparture.TC_016_DDTestArrivalDeparture - in setup 
16:11:09.702 [main] INFO  testCases_ArrivalDeparture.TC_016_DDTestArrivalDeparture - in setup 
17:18:44.483 [main] INFO  testCases_ArrivalDeparture.TC_016_DDTestArrivalDeparture - in setup 
17:49:54.580 [main] INFO  testCases_ArrivalDeparture.TC_016_DDTestArrivalDeparture - in setup 
10:46:24.503 [main] INFO  testCases_ArrivalDeparture.TC_016_DDTestArrivalDeparture - in setup 
10:57:39.068 [main] INFO  testCases_ArrivalDeparture.TC_016_DDTestArrivalDeparture - in setup 
11:01:35.143 [main] INFO  testCases_ArrivalDeparture.TC_016_DDTestArrivalDeparture - in setup 
11:05:03.460 [main] INFO  testCases_ArrivalDeparture.TC_016_DDTestArrivalDeparture - in setup 
11:10:56.030 [main] INFO  testCases_ArrivalDeparture.TC_016_DDTestArrivalDeparture - in setup 
11:23:35.987 [main] INFO  testCases_ArrivalDeparture.TC_016_DDTestArrivalDeparture - in setup 
11:26:18.936 [main] INFO  testCases_ArrivalDeparture.TC_016_DDTestArrivalDeparture - in setup 
11:53:37.301 [main] INFO  testCases_ArrivalDeparture.TC_016_DDTestArrivalDeparture - in setup 
12:10:36.244 [main] INFO  testCases_ArrivalDeparture.TC_016_DDTestArrivalDeparture - in setup 
12:19:28.047 [main] INFO  testCases_ArrivalDeparture.TC_016_DDTestArrivalDeparture - in setup 
12:19:29.148 [main] INFO  testCases_ArrivalDeparture.TC_016_DDTestArrivalDeparture - in setup 
13:00:41.996 [main] INFO  testCases_ArrivalDeparture.TC_016_DDTestArrivalDeparture - in setup 
13:02:48.330 [main] INFO  testCases_ArrivalDeparture.TC_016_DDTestArrivalDeparture - in setup 
13:09:18.234 [main] INFO  testCases_ArrivalDeparture.TC_016_DDTestArrivalDeparture - in setup 
13:13:48.639 [main] INFO  testCases_ArrivalDeparture.TC_016_DDTestArrivalDeparture - in setup 
13:19:47.579 [main] INFO  testCases_ArrivalDeparture.TC_016_DDTestArrivalDeparture - in setup 
13:23:56.285 [main] INFO  testCases_ArrivalDeparture.TC_016_DDTestArrivalDeparture - in setup 
13:25:15.881 [main] INFO  testCases_ArrivalDeparture.TC_016_DDTestArrivalDeparture - in setup 
13:28:23.475 [main] INFO  testCases_ArrivalDeparture.TC_016_DDTestArrivalDeparture - in setup 
13:32:51.468 [main] INFO  testCases_ArrivalDeparture.TC_016_DDTestArrivalDeparture - in setup 
13:36:16.797 [main] INFO  testCases_ArrivalDeparture.TC_016_DDTestArrivalDeparture - in setup 
13:38:55.593 [main] INFO  testCases_ArrivalDeparture.TC_016_DDTestArrivalDeparture - in setup 
13:45:00.967 [main] INFO  testCases_ArrivalDeparture.TC_016_DDTestArrivalDeparture - in setup 
13:50:24.226 [main] INFO  testCases_ArrivalDeparture.TC_016_DDTestArrivalDeparture - in setup 
13:53:18.438 [main] INFO  testCases_ArrivalDeparture.TC_016_DDTestArrivalDeparture - in setup 
13:56:10.753 [main] INFO  testCases_ArrivalDeparture.TC_016_DDTestArrivalDeparture - in setup 
14:00:25.950 [main] INFO  testCases_ArrivalDeparture.TC_016_DDTestArrivalDeparture - in setup 
14:27:12.874 [main] INFO  testCases_ArrivalDeparture.TC_016_DDTestArrivalDeparture - in setup 
14:29:48.803 [main] INFO  testCases_ArrivalDeparture.TC_016_DDTestArrivalDeparture - in setup 
14:41:24.414 [main] INFO  testCases_ArrivalDeparture.TC_016_DDTestArrivalDeparture - in setup 
14:43:09.793 [main] INFO  testCases_ArrivalDeparture.TC_016_DDTestArrivalDeparture - in setup 
15:09:19.186 [main] INFO  testCases_ArrivalDeparture.TC_016_DDTestArrivalDeparture - in setup 
15:11:51.762 [main] INFO  testCases_ArrivalDeparture.TC_016_DDTestArrivalDeparture - in setup 
15:13:27.907 [main] INFO  testCases_ArrivalDeparture.TC_016_DDTestArrivalDeparture - in setup 
15:18:50.716 [main] INFO  testCases_ArrivalDeparture.TC_016_DDTestArrivalDeparture - in setup 
15:20:38.200 [main] INFO  testCases_ArrivalDeparture.TC_016_DDTestArrivalDeparture - in setup 
15:22:12.511 [main] INFO  testCases_ArrivalDeparture.TC_016_DDTestArrivalDeparture - in setup 
15:53:16.808 [main] INFO  testCases_ArrivalDeparture.TC_016_DDTestArrivalDeparture - in setup 
15:55:21.035 [main] INFO  testCases_ArrivalDeparture.TC_016_DDTestArrivalDeparture - in setup 
15:57:09.965 [main] INFO  testCases_ArrivalDeparture.TC_016_DDTestArrivalDeparture - in setup 
15:58:39.412 [main] INFO  testCases_ArrivalDeparture.TC_016_DDTestArrivalDeparture - in setup 
15:58:49.037 [main] INFO  testCases_ArrivalDeparture.TC_016_DDTestArrivalDeparture - in setup 
16:00:13.763 [main] INFO  testCases_ArrivalDeparture.TC_016_DDTestArrivalDeparture - in setup 
16:02:52.195 [main] INFO  testCases_ArrivalDeparture.TC_016_DDTestArrivalDeparture - in setup 
16:05:29.815 [main] INFO  testCases_ArrivalDeparture.TC_016_DDTestArrivalDeparture - in setup 
16:12:29.032 [main] INFO  testCases_ArrivalDeparture.TC_016_DDTestArrivalDeparture - in setup 
16:23:41.179 [main] INFO  testCases_ArrivalDeparture.TC_016_DDTestArrivalDeparture - in setup 
16:31:10.484 [main] INFO  testCases_ArrivalDeparture.TC_016_DDTestArrivalDeparture - in setup 
12:36:59.258 [main] INFO  testCases_ArrivalDeparture.TC_016_DDTestArrivalDeparture - in setup 
12:37:59.986 [main] INFO  testCases_ArrivalDeparture.TC_016_DDTestArrivalDeparture - in setup 
12:38:00.961 [main] INFO  testCases_ArrivalDeparture.TC_016_DDTestArrivalDeparture - in setup 
12:38:18.933 [main] INFO  testCases_ArrivalDeparture.TC_016_DDTestArrivalDeparture - in setup 
12:42:31.291 [main] INFO  testCases_ArrivalDeparture.TC_016_DDTestArrivalDeparture - in setup 
12:48:54.579 [main] INFO  testCases_ArrivalDeparture.TC_016_DDTestArrivalDeparture - in setup 
12:49:40.339 [main] INFO  testCases_ArrivalDeparture.TC_016_DDTestArrivalDeparture - in setup 
12:51:20.055 [main] INFO  testCases_ArrivalDeparture.TC_016_DDTestArrivalDeparture - in setup 
12:54:52.567 [main] INFO  testCases_ArrivalDeparture.TC_016_DDTestArrivalDeparture - in setup 
12:59:26.395 [main] INFO  testCases_ArrivalDeparture.TC_016_DDTestArrivalDeparture - in setup 
13:22:13.098 [main] INFO  testCases_ArrivalDeparture.TC_016_DDTestArrivalDeparture - in setup 
13:34:03.475 [main] INFO  testCases_ArrivalDeparture.TC_016_DDTestArrivalDeparture - in setup 
15:48:06.667 [main] INFO  testCases_ArrivalDeparture.TC_016_DDTestArrivalDeparture - in setup 
15:53:47.146 [main] INFO  testCases_ArrivalDeparture.TC_016_DDTestArrivalDeparture - in setup 
15:56:34.812 [main] INFO  testCases_ArrivalDeparture.TC_016_DDTestArrivalDeparture - in setup 
15:58:18.209 [main] INFO  testCases_ArrivalDeparture.TC_016_DDTestArrivalDeparture - in setup 
17:20:02.861 [main] INFO  testCases_ArrivalDeparture.TC_016_DDTestArrivalDeparture - in setup 
14:03:34.375 [main] INFO  testCases_ReservationDispatchFollow.TC_011_reservationtoInspectionTestCase - in setup 
14:03:54.512 [main] INFO  testCases_ReservationDispatchFollow.TC_011_reservationtoInspectionTestCase - in setup 
15:42:48.039 [main] INFO  testCases_ArrivalDeparture.TC_016_DDTestArrivalDeparture - in setup 
15:50:12.996 [main] INFO  testCases_ArrivalDeparture.TC_016_DDTestArrivalDeparture - in setup 
15:51:30.431 [main] INFO  testCases_ArrivalDeparture.TC_016_DDTestArrivalDeparture - in setup 
16:03:13.982 [main] INFO  testCases_ArrivalDeparture.TC_016_DDTestArrivalDeparture - in setup 
16:09:42.948 [main] INFO  testCases_ArrivalDeparture.TC_016_DDTestArrivalDeparture - in setup 
16:13:07.976 [main] INFO  testCases_ArrivalDeparture.TC_016_DDTestArrivalDeparture - in setup 
16:14:15.691 [main] INFO  testCases_ArrivalDeparture.TC_016_DDTestArrivalDeparture - in setup 
16:30:22.973 [main] INFO  testCases_ArrivalDeparture.TC_016_DDTestArrivalDeparture - in setup 
16:32:29.233 [main] INFO  testCases_ArrivalDeparture.TC_016_DDTestArrivalDeparture - in setup 
16:32:45.190 [main] INFO  testCases_ArrivalDeparture.TC_016_DDTestArrivalDeparture - in setup 
16:34:00.621 [main] INFO  testCases_ArrivalDeparture.TC_016_DDTestArrivalDeparture - in setup 
16:36:23.898 [main] INFO  testCases_ArrivalDeparture.TC_016_DDTestArrivalDeparture - in setup 
17:16:54.016 [main] INFO  testCases_ArrivalDeparture.TC_016_DDTestArrivalDeparture - in setup 
17:38:09.383 [main] INFO  testCases_ArrivalDeparture.TC_016_DDTestArrivalDeparture - in setup 
17:47:16.342 [main] INFO  testCases_ArrivalDeparture.TC_016_DDTestArrivalDeparture - in setup 
17:48:58.763 [main] INFO  testCases_ArrivalDeparture.TC_016_DDTestArrivalDeparture - in setup 
08:13:58.265 [main] INFO  testCases_ArrivalDeparture.TC_016_DDTestArrivalDeparture - in setup 
08:17:56.356 [main] INFO  testCases_ArrivalDeparture.TC_016_DDTestArrivalDeparture - in setup 
09:39:14.360 [main] INFO  testCases_ArrivalDeparture.TC_016_DDTestArrivalDeparture - in setup 
09:41:03.045 [main] INFO  testCases_ArrivalDeparture.TC_016_DDTestArrivalDeparture - in setup 
16:41:40.663 [main] INFO  testCases_ArrivalDeparture.TC_016_DDTestArrivalDeparture - in setup 
16:47:35.751 [main] INFO  testCases_ArrivalDeparture.TC_016_DDTestArrivalDeparture - in setup 
16:50:46.065 [main] INFO  testCases_ArrivalDeparture.TC_016_DDTestArrivalDeparture - in setup 
16:53:40.785 [main] INFO  testCases_ArrivalDeparture.TC_016_DDTestArrivalDeparture - in setup 
12:13:30.236 [main] INFO  testCases_ArrivalDeparture.TC_016_DDTestArrivalDeparture - in setup 
12:17:41.344 [main] INFO  testCases_ArrivalDeparture.TC_016_DDTestArrivalDeparture - in setup 
13:15:03.726 [main] INFO  testCases_ArrivalDeparture.TC_016_DDTestArrivalDeparture - in setup 
13:26:05.764 [main] INFO  testCases_ArrivalDeparture.TC_016_DDTestArrivalDeparture - in setup 
13:28:23.569 [main] INFO  testCases_ArrivalDeparture.TC_016_DDTestArrivalDeparture - in setup 
13:30:45.609 [main] INFO  testCases_ArrivalDeparture.TC_016_DDTestArrivalDeparture - in setup 
13:40:17.393 [main] INFO  testCases_ArrivalDeparture.TC_016_DDTestArrivalDeparture - in setup 
13:43:25.040 [main] INFO  testCases_ArrivalDeparture.TC_016_DDTestArrivalDeparture - in setup 
13:57:03.414 [main] INFO  testCases_ArrivalDeparture.TC_016_DDTestArrivalDeparture - in setup 
14:09:15.923 [main] INFO  testCases_ArrivalDeparture.TC_016_DDTestArrivalDeparture - in setup 
14:12:12.198 [main] INFO  testCases_ArrivalDeparture.TC_016_DDTestArrivalDeparture - in setup 
14:16:35.401 [main] INFO  testCases_ArrivalDeparture.TC_016_DDTestArrivalDeparture - in setup 
14:30:29.564 [main] INFO  testCases_ArrivalDeparture.TC_016_DDTestArrivalDeparture - in setup 
14:50:47.561 [main] INFO  testCases_ArrivalDeparture.TC_016_DDTestArrivalDeparture - in setup 
14:57:15.515 [main] INFO  testCases_ArrivalDeparture.TC_016_DDTestArrivalDeparture - in setup 
15:19:47.423 [main] INFO  testCases_ArrivalDeparture.TC_016_DDTestArrivalDeparture - in setup 
15:21:52.038 [main] INFO  testCases_ArrivalDeparture.TC_016_DDTestArrivalDeparture - in setup 
15:55:20.411 [main] INFO  testCases_ArrivalDeparture.TC_016_DDTestArrivalDeparture - in setup 
16:01:12.160 [main] INFO  testCases_ArrivalDeparture.TC_016_DDTestArrivalDeparture - in setup 
16:06:15.486 [main] INFO  testCases_ArrivalDeparture.TC_016_DDTestArrivalDeparture - in setup 
16:10:10.823 [main] INFO  testCases_ArrivalDeparture.TC_016_DDTestArrivalDeparture - in setup 
16:12:16.308 [main] INFO  testCases_ArrivalDeparture.TC_016_DDTestArrivalDeparture - in setup 
16:13:37.186 [main] INFO  testCases_ArrivalDeparture.TC_016_DDTestArrivalDeparture - in setup 
16:17:30.733 [main] INFO  testCases_ArrivalDeparture.TC_016_DDTestArrivalDeparture - in setup 
16:29:24.352 [main] INFO  testCases_ArrivalDeparture.TC_016_DDTestArrivalDeparture - in setup 
17:03:35.343 [main] INFO  testCases_ArrivalDeparture.TC_016_DDTestArrivalDeparture - in setup 
17:09:04.379 [main] INFO  testCases_ArrivalDeparture.TC_016_DDTestArrivalDeparture - in setup 
13:26:58.060 [main] INFO  TestCases_Hold.TC_001_HoldResrvation - in setup 
13:29:39.471 [main] INFO  TestCases_Hold.TC_001_HoldResrvation - in setup 
